<?xml version="1.0" encoding="UTF-8"?>
<testsuite xmlns:xsi="http://www.w3.org/2001/XMLSchema-instance" xsi:noNamespaceSchemaLocation="https://maven.apache.org/surefire/maven-surefire-plugin/xsd/surefire-test-report.xsd" version="3.0.2" name="com.example.weather.WeatherApplicationTests" time="4.508" tests="1" errors="0" skipped="0" failures="0">
  <properties>
[...]
</properties>
  <testcase name="contextLoads" classname="com.example.weather.WeatherApplicationTests" time="0.983">
    <system-out><![CDATA[08:56:36.329 [main] INFO org.springframework.test.context.support.AnnotationConfigContextLoaderUtils -- Could not detect default configuration classes for test class [com.example.weather.WeatherApplicationTests]: WeatherApplicationTests does not declare any static, non-private, non-final, nested classes annotated with @Configuration.
08:56:36.477 [main] INFO org.springframework.boot.test.context.SpringBootTestContextBootstrapper -- Found @SpringBootConfiguration com.example.weather.WeatherApplication for test class com.example.weather.WeatherApplicationTests

  .   ____          _            __ _ _
 /\\ / ___'_ __ _ _(_)_ __  __ _ \ \ \ \
( ( )\___ | '_ | '_| | '_ \/ _` | \ \ \ \
 \\/  ___)| |_)| | | | | || (_| |  ) ) ) )
  '  |____| .__|_| |_|_| |_\__, | / / / /
 =========|_|==============|___/=/_/_/_/

 :: Spring Boot ::                (v3.5.0)

{"@timestamp":"2025-06-05T03:26:37.5451779Z","@version":"1","level":"INFO","logger_name":"com.example.weather.WeatherApplicationTests","thread_name":"main","message":"Starting WeatherApplicationTests using Java 17.0.12 with PID 22820 (started by Dell in D:\\springboot\\weather)","app":"weather-service","env":"spring.profiles.active:default_IS_UNDEFINED","service":"weather-api"}
{"@timestamp":"2025-06-05T03:26:37.5558269Z","@version":"1","level":"DEBUG","logger_name":"com.example.weather.WeatherApplicationTests","thread_name":"main","message":"Running with Spring Boot v3.5.0, Spring v6.2.7","app":"weather-service","env":"spring.profiles.active:default_IS_UNDEFINED","service":"weather-api"}
{"@timestamp":"2025-06-05T03:26:37.5578263Z","@version":"1","level":"INFO","logger_name":"com.example.weather.WeatherApplicationTests","thread_name":"main","message":"No active profile set, falling back to 1 default profile: \"default\"","app":"weather-service","env":"spring.profiles.active:default_IS_UNDEFINED","service":"weather-api"}
{"@timestamp":"2025-06-05T03:26:39.5105051Z","@version":"1","level":"INFO","logger_name":"org.springframework.boot.actuate.endpoint.web.EndpointLinksResolver","thread_name":"main","message":"Exposing 1 endpoint beneath base path '/actuator'","app":"weather-service","env":"spring.profiles.active:default_IS_UNDEFINED","service":"weather-api"}
{"@timestamp":"2025-06-05T03:26:39.5775244Z","@version":"1","level":"INFO","logger_name":"com.example.weather.WeatherApplicationTests","thread_name":"main","message":"Started WeatherApplicationTests in 2.88 seconds (process running for 4.038)","app":"weather-service","env":"spring.profiles.active:default_IS_UNDEFINED","service":"weather-api"}
]]></system-out>
  </testcase>
</testsuite>